<?xml version="1.0" encoding="UTF-8"?>
<testng-results ignored="0" total="13" passed="13" failed="0" skipped="0">
  <reporter-output>
  </reporter-output>
  <suite started-at="2018-01-09T15:45:05Z" name="Default suite" finished-at="2018-01-09T15:46:09Z" duration-ms="63229">
    <groups>
    </groups>
    <test started-at="2018-01-09T15:45:05Z" name="Default test" finished-at="2018-01-09T15:46:09Z" duration-ms="63229">
      <class name="com.epam.atm.webdriver.demo.RunnerTest">
        <test-method is-config="true" signature="setup()[pri:0, instance:com.epam.atm.webdriver.demo.RunnerTest@37883b97]" started-at="2018-01-09T21:15:05Z" name="setup" finished-at="2018-01-09T21:15:08Z" duration-ms="2308" status="PASS">
          <reporter-output>
          </reporter-output>
        </test-method> <!-- setup -->
        <test-method signature="Open()[pri:0, instance:com.epam.atm.webdriver.demo.RunnerTest@37883b97]" started-at="2018-01-09T21:15:08Z" name="Open" finished-at="2018-01-09T21:15:14Z" duration-ms="6222" status="PASS">
          <reporter-output>
          </reporter-output>
        </test-method> <!-- Open -->
        <test-method signature="departureField()[pri:0, instance:com.epam.atm.webdriver.demo.RunnerTest@37883b97]" started-at="2018-01-09T21:15:14Z" name="departureField" finished-at="2018-01-09T21:15:25Z" duration-ms="11619" status="PASS">
          <reporter-output>
          </reporter-output>
        </test-method> <!-- departureField -->
        <test-method signature="destinationField()[pri:1, instance:com.epam.atm.webdriver.demo.RunnerTest@37883b97]" started-at="2018-01-09T21:15:25Z" name="destinationField" finished-at="2018-01-09T21:15:35Z" duration-ms="9178" status="PASS">
          <reporter-output>
          </reporter-output>
        </test-method> <!-- destinationField -->
        <test-method signature="selectDepartureDate()[pri:2, instance:com.epam.atm.webdriver.demo.RunnerTest@37883b97]" started-at="2018-01-09T21:15:35Z" name="selectDepartureDate" finished-at="2018-01-09T21:15:40Z" duration-ms="5183" status="PASS">
          <reporter-output>
          </reporter-output>
        </test-method> <!-- selectDepartureDate -->
        <test-method signature="selectReturnDate()[pri:3, instance:com.epam.atm.webdriver.demo.RunnerTest@37883b97]" started-at="2018-01-09T21:15:40Z" name="selectReturnDate" finished-at="2018-01-09T21:15:45Z" duration-ms="5127" status="PASS">
          <reporter-output>
          </reporter-output>
        </test-method> <!-- selectReturnDate -->
        <test-method signature="selectPassengers()[pri:4, instance:com.epam.atm.webdriver.demo.RunnerTest@37883b97]" started-at="2018-01-09T21:15:45Z" name="selectPassengers" finished-at="2018-01-09T21:15:45Z" duration-ms="143" status="PASS">
          <reporter-output>
          </reporter-output>
        </test-method> <!-- selectPassengers -->
        <test-method signature="performSearch()[pri:5, instance:com.epam.atm.webdriver.demo.RunnerTest@37883b97]" started-at="2018-01-09T21:15:45Z" name="performSearch" finished-at="2018-01-09T21:15:50Z" duration-ms="4789" status="PASS">
          <reporter-output>
          </reporter-output>
        </test-method> <!-- performSearch -->
        <test-method signature="verifyPassengers()[pri:6, instance:com.epam.atm.webdriver.demo.RunnerTest@37883b97]" started-at="2018-01-09T21:15:50Z" name="verifyPassengers" finished-at="2018-01-09T21:15:50Z" duration-ms="29" status="PASS">
          <reporter-output>
          </reporter-output>
        </test-method> <!-- verifyPassengers -->
        <test-method signature="verifyDepartureDate()[pri:7, instance:com.epam.atm.webdriver.demo.RunnerTest@37883b97]" started-at="2018-01-09T21:15:50Z" name="verifyDepartureDate" finished-at="2018-01-09T21:15:50Z" duration-ms="29" status="PASS">
          <reporter-output>
          </reporter-output>
        </test-method> <!-- verifyDepartureDate -->
        <test-method signature="verifyReturnDate()[pri:8, instance:com.epam.atm.webdriver.demo.RunnerTest@37883b97]" started-at="2018-01-09T21:15:50Z" name="verifyReturnDate" finished-at="2018-01-09T21:15:50Z" duration-ms="29" status="PASS">
          <reporter-output>
          </reporter-output>
        </test-method> <!-- verifyReturnDate -->
        <test-method signature="verifyAirports()[pri:9, instance:com.epam.atm.webdriver.demo.RunnerTest@37883b97]" started-at="2018-01-09T21:15:50Z" name="verifyAirports" finished-at="2018-01-09T21:15:50Z" duration-ms="27" status="PASS">
          <reporter-output>
          </reporter-output>
        </test-method> <!-- verifyAirports -->
        <test-method signature="verifySearch()[pri:10, instance:com.epam.atm.webdriver.demo.RunnerTest@37883b97]" started-at="2018-01-09T21:15:50Z" name="verifySearch" finished-at="2018-01-09T21:15:50Z" duration-ms="27" status="PASS">
          <reporter-output>
          </reporter-output>
        </test-method> <!-- verifySearch -->
        <test-method signature="passengerInformation()[pri:11, instance:com.epam.atm.webdriver.demo.RunnerTest@37883b97]" started-at="2018-01-09T21:15:50Z" name="passengerInformation" finished-at="2018-01-09T21:16:08Z" duration-ms="17547" status="PASS">
          <reporter-output>
          </reporter-output>
        </test-method> <!-- passengerInformation -->
        <test-method is-config="true" signature="tearDown()[pri:0, instance:com.epam.atm.webdriver.demo.RunnerTest@37883b97]" started-at="2018-01-09T21:16:08Z" name="tearDown" finished-at="2018-01-09T21:16:09Z" duration-ms="949" status="PASS">
          <reporter-output>
          </reporter-output>
        </test-method> <!-- tearDown -->
      </class> <!-- com.epam.atm.webdriver.demo.RunnerTest -->
    </test> <!-- Default test -->
  </suite> <!-- Default suite -->
</testng-results>
