<?xml version="1.0" encoding="UTF-8"?>
<!-- Generated by org.testng.reporters.JUnitXMLReporter -->
<testsuite ignored="0" hostname="EPINHYDW0900" failures="0" tests="13" name="Default test" time="63.229" errors="0" timestamp="09 Jan 2018 15:46:09 GMT">
  <testcase classname="com.epam.atm.webdriver.demo.RunnerTest" name="Open" time="6.222"/>
  <testcase classname="com.epam.atm.webdriver.demo.RunnerTest" name="departureField" time="11.619"/>
  <testcase classname="com.epam.atm.webdriver.demo.RunnerTest" name="destinationField" time="9.178"/>
  <testcase classname="com.epam.atm.webdriver.demo.RunnerTest" name="selectDepartureDate" time="5.183"/>
  <testcase classname="com.epam.atm.webdriver.demo.RunnerTest" name="selectReturnDate" time="5.127"/>
  <testcase classname="com.epam.atm.webdriver.demo.RunnerTest" name="selectPassengers" time="0.143"/>
  <testcase classname="com.epam.atm.webdriver.demo.RunnerTest" name="performSearch" time="4.789"/>
  <testcase classname="com.epam.atm.webdriver.demo.RunnerTest" name="verifyPassengers" time="0.029"/>
  <testcase classname="com.epam.atm.webdriver.demo.RunnerTest" name="verifyDepartureDate" time="0.029"/>
  <testcase classname="com.epam.atm.webdriver.demo.RunnerTest" name="verifyReturnDate" time="0.029"/>
  <testcase classname="com.epam.atm.webdriver.demo.RunnerTest" name="verifyAirports" time="0.027"/>
  <testcase classname="com.epam.atm.webdriver.demo.RunnerTest" name="verifySearch" time="0.027"/>
  <testcase classname="com.epam.atm.webdriver.demo.RunnerTest" name="passengerInformation" time="17.547"/>
</testsuite> <!-- Default test -->
